<?xml version="1.0" encoding="UTF-8"?>
<!-- Generated by org.testng.reporters.JUnitXMLReporter -->
<testsuite ignored="0" hostname="LAPTOP-CQAE32CK" failures="0" tests="3" name="Default test" time="16.229" errors="0" timestamp="2023-09-30T22:09:50 IST">
  <testcase classname="allureReport.Testes" name="logoPresence" time="0.33"/>
  <testcase classname="allureReport.Testes" name="LoginTest" time="2.792"/>
  <testcase classname="allureReport.Testes" name="registration" time="0.02">
    <skipped/>
  </testcase> <!-- registration -->
</testsuite> <!-- Default test -->
