<?xml version="1.0" encoding="UTF-8"?>
<testng-results ignored="0" total="3" passed="2" failed="0" skipped="1">
  <reporter-output>
  </reporter-output>
  <suite started-at="2023-09-30T22:09:33 IST" name="Default suite" finished-at="2023-09-30T22:09:49 IST" duration-ms="16229">
    <groups>
    </groups>
    <test started-at="2023-09-30T22:09:33 IST" name="Default test" finished-at="2023-09-30T22:09:49 IST" duration-ms="16229">
      <class name="allureReport.Testes">
        <test-method is-config="true" signature="setup()[pri:0, instance:allureReport.Testes@554cd74a]" started-at="2023-09-30T22:09:33 IST" name="setup" finished-at="2023-09-30T22:09:45 IST" duration-ms="11800" status="PASS">
          <reporter-output>
          </reporter-output>
        </test-method> <!-- setup -->
        <test-method signature="logoPresence()[pri:1, instance:allureReport.Testes@554cd74a]" started-at="2023-09-30T22:09:45 IST" name="logoPresence" description="Verify Logo presence on Hme" finished-at="2023-09-30T22:09:46 IST" duration-ms="330" status="PASS">
          <reporter-output>
          </reporter-output>
        </test-method> <!-- logoPresence -->
        <test-method signature="LoginTest()[pri:2, instance:allureReport.Testes@554cd74a]" started-at="2023-09-30T22:09:46 IST" name="LoginTest" finished-at="2023-09-30T22:09:49 IST" duration-ms="2792" status="PASS">
          <reporter-output>
          </reporter-output>
        </test-method> <!-- LoginTest -->
        <test-method signature="registration()[pri:3, instance:allureReport.Testes@554cd74a]" started-at="2023-09-30T22:09:49 IST" name="registration" finished-at="2023-09-30T22:09:49 IST" duration-ms="20" status="SKIP">
          <exception class="org.testng.SkipException">
            <message>
              <![CDATA[Skipping this Test]]>
            </message>
            <full-stacktrace>
              <![CDATA[org.testng.SkipException: Skipping this Test
at allureReport.Testes.registration(Testes.java:92)
at java.base/jdk.internal.reflect.NativeMethodAccessorImpl.invoke0(Native Method)
at java.base/jdk.internal.reflect.NativeMethodAccessorImpl.invoke(NativeMethodAccessorImpl.java:77)
at java.base/jdk.internal.reflect.DelegatingMethodAccessorImpl.invoke(DelegatingMethodAccessorImpl.java:43)
at java.base/java.lang.reflect.Method.invoke(Method.java:568)
at org.testng.internal.MethodInvocationHelper.invokeMethod(MethodInvocationHelper.java:133)
at org.testng.internal.TestInvoker.invokeMethod(TestInvoker.java:598)
at org.testng.internal.TestInvoker.invokeTestMethod(TestInvoker.java:173)
at org.testng.internal.MethodRunner.runInSequence(MethodRunner.java:46)
at org.testng.internal.TestInvoker$MethodInvocationAgent.invoke(TestInvoker.java:824)
at org.testng.internal.TestInvoker.invokeTestMethods(TestInvoker.java:146)
at org.testng.internal.TestMethodWorker.invokeTestMethods(TestMethodWorker.java:146)
at org.testng.internal.TestMethodWorker.run(TestMethodWorker.java:128)
at java.base/java.util.ArrayList.forEach(ArrayList.java:1511)
at org.testng.TestRunner.privateRun(TestRunner.java:794)
at org.testng.TestRunner.run(TestRunner.java:596)
at org.testng.SuiteRunner.runTest(SuiteRunner.java:377)
at org.testng.SuiteRunner.runSequentially(SuiteRunner.java:371)
at org.testng.SuiteRunner.privateRun(SuiteRunner.java:332)
at org.testng.SuiteRunner.run(SuiteRunner.java:276)
at org.testng.SuiteRunnerWorker.runSuite(SuiteRunnerWorker.java:53)
at org.testng.SuiteRunnerWorker.run(SuiteRunnerWorker.java:96)
at org.testng.TestNG.runSuitesSequentially(TestNG.java:1212)
at org.testng.TestNG.runSuitesLocally(TestNG.java:1134)
at org.testng.TestNG.runSuites(TestNG.java:1063)
at org.testng.TestNG.run(TestNG.java:1031)
at org.testng.remote.AbstractRemoteTestNG.run(AbstractRemoteTestNG.java:115)
at org.testng.remote.RemoteTestNG.initAndRun(RemoteTestNG.java:251)
at org.testng.remote.RemoteTestNG.main(RemoteTestNG.java:77)
]]>
            </full-stacktrace>
          </exception> <!-- org.testng.SkipException -->
          <reporter-output>
          </reporter-output>
        </test-method> <!-- registration -->
        <test-method is-config="true" signature="tearDown()[pri:0, instance:allureReport.Testes@554cd74a]" started-at="2023-09-30T22:09:49 IST" name="tearDown" finished-at="2023-09-30T22:09:49 IST" duration-ms="629" status="PASS">
          <reporter-output>
          </reporter-output>
        </test-method> <!-- tearDown -->
      </class> <!-- allureReport.Testes -->
    </test> <!-- Default test -->
  </suite> <!-- Default suite -->
</testng-results>
